# JRE version: Java(TM) SE Runtime Environment (12.0.2+10) (build 12.0.2+10)
# Java VM: Java HotSpot(TM) 64-Bit Server VM (12.0.2+10, mixed mode, sharing, tiered, compressed oops, g1 gc, windows-amd64)
Heap:
 garbage-first heap   total 331776K, used 267494K [0x0000000701000000, 0x0000000800000000)
  region size 1024K, 105 young (107520K), 3 survivors (3072K)
 Metaspace       used 70888K, capacity 73000K, committed 73136K, reserved 1114112K
  class space    used 7005K, capacity 7860K, committed 7936K, reserved 1048576K
GC Heap History (10 events):
Event: 966.577 GC heap before
{Heap before GC invocations=155 (full 0):
 garbage-first heap   total 331776K, used 290395K [0x0000000701000000, 0x0000000800000000)
  region size 1024K, 127 young (130048K), 4 survivors (4096K)
 Metaspace       used 70869K, capacity 72935K, committed 73136K, reserved 1114112K
  class space    used 7005K, capacity 7860K, committed 7936K, reserved 1048576K
}
Event: 966.579 GC heap after
{Heap after GC invocations=156 (full 0):
 garbage-first heap   total 331776K, used 163370K [0x0000000701000000, 0x0000000800000000)
  region size 1024K, 2 young (2048K), 2 survivors (2048K)
 Metaspace       used 70869K, capacity 72935K, committed 73136K, reserved 1114112K
  class space    used 7005K, capacity 7860K, committed 7936K, reserved 1048576K
}
Event: 980.442 GC heap before
{Heap before GC invocations=157 (full 0):
 garbage-first heap   total 331776K, used 291370K [0x0000000701000000, 0x0000000800000000)
  region size 1024K, 127 young (130048K), 2 survivors (2048K)
 Metaspace       used 70871K, capacity 72935K, committed 73136K, reserved 1114112K
  class space    used 7005K, capacity 7860K, committed 7936K, reserved 1048576K
}
Event: 980.445 GC heap after
{Heap after GC invocations=158 (full 0):
 garbage-first heap   total 331776K, used 163786K [0x0000000701000000, 0x0000000800000000)
  region size 1024K, 3 young (3072K), 3 survivors (3072K)
 Metaspace       used 70871K, capacity 72935K, committed 73136K, reserved 1114112K
  class space    used 7005K, capacity 7860K, committed 7936K, reserved 1048576K
}
Event: 994.343 GC heap before
{Heap before GC invocations=158 (full 0):
 garbage-first heap   total 331776K, used 290762K [0x0000000701000000, 0x0000000800000000)
  region size 1024K, 127 young (130048K), 3 survivors (3072K)
 Metaspace       used 70880K, capacity 72935K, committed 73136K, reserved 1114112K
  class space    used 7005K, capacity 7860K, committed 7936K, reserved 1048576K
}
Event: 994.346 GC heap after
{Heap after GC invocations=159 (full 0):
 garbage-first heap   total 331776K, used 163557K [0x0000000701000000, 0x0000000800000000)
  region size 1024K, 2 young (2048K), 2 survivors (2048K)
 Metaspace       used 70880K, capacity 72935K, committed 73136K, reserved 1114112K
  class space    used 7005K, capacity 7860K, committed 7936K, reserved 1048576K
}
Event: 1007.402 GC heap before
{Heap before GC invocations=160 (full 0):
 garbage-first heap   total 331776K, used 291557K [0x0000000701000000, 0x0000000800000000)
  region size 1024K, 127 young (130048K), 2 survivors (2048K)
 Metaspace       used 70881K, capacity 72935K, committed 73136K, reserved 1114112K
  class space    used 7005K, capacity 7860K, committed 7936K, reserved 1048576K
}
Event: 1007.405 GC heap after
{Heap after GC invocations=161 (full 0):
 garbage-first heap   total 331776K, used 163502K [0x0000000701000000, 0x0000000800000000)
  region size 1024K, 2 young (2048K), 2 survivors (2048K)
 Metaspace       used 70881K, capacity 72935K, committed 73136K, reserved 1114112K
  class space    used 7005K, capacity 7860K, committed 7936K, reserved 1048576K
}
Event: 1019.544 GC heap before
{Heap before GC invocations=161 (full 0):
 garbage-first heap   total 331776K, used 291502K [0x0000000701000000, 0x0000000800000000)
  region size 1024K, 127 young (130048K), 2 survivors (2048K)
 Metaspace       used 70888K, capacity 73000K, committed 73136K, reserved 1114112K
  class space    used 7005K, capacity 7860K, committed 7936K, reserved 1048576K
}
Event: 1019.547 GC heap after
{Heap after GC invocations=162 (full 0):
 garbage-first heap   total 331776K, used 164070K [0x0000000701000000, 0x0000000800000000)
  region size 1024K, 3 young (3072K), 3 survivors (3072K)
 Metaspace       used 70888K, capacity 73000K, committed 73136K, reserved 1114112K
  class space    used 7005K, capacity 7860K, committed 7936K, reserved 1048576K
}

